tess-two-test/build/outputs/logs/manifest-merger-debug-report.txt
-- Merging decision tree log ---
manifest
ADDED from ImageProcessingTools\tess-two-test\AndroidManifest.xml:2:1-18:12
INJECTED from ImageProcessingTools\tess-two-test\AndroidManifest.xml:2:1-18:12
INJECTED from ImageProcessingTools\tess-two-test\AndroidManifest.xml:2:1-18:12
INJECTED from ImageProcessingTools\tess-two-test\AndroidManifest.xml:2:1-18:12
INJECTED from ImageProcessingTools\tess-two-test\AndroidManifest.xml:2:1-18:12
INJECTED from ImageProcessingTools\tess-two-test\AndroidManifest.xml:2:1-18:12
INJECTED from ImageProcessingTools\tess-two-test\AndroidManifest.xml:2:1-18:12
	package
		ADDED from ImageProcessingTools\tess-two-test\AndroidManifest.xml:3:5-52
		INJECTED from ImageProcessingTools\tess-two-test\AndroidManifest.xml
		INJECTED from ImageProcessingTools\tess-two-test\AndroidManifest.xml
	android:versionName
		ADDED from ImageProcessingTools\tess-two-test\AndroidManifest.xml:5:5-30
		INJECTED from ImageProcessingTools\tess-two-test\AndroidManifest.xml
		INJECTED from ImageProcessingTools\tess-two-test\AndroidManifest.xml
	xmlns:android
		ADDED from ImageProcessingTools\tess-two-test\AndroidManifest.xml:2:11-69
	android:versionCode
		ADDED from ImageProcessingTools\tess-two-test\AndroidManifest.xml:4:5-28
		INJECTED from ImageProcessingTools\tess-two-test\AndroidManifest.xml
		INJECTED from ImageProcessingTools\tess-two-test\AndroidManifest.xml
uses-permission#android.permission.WRITE_EXTERNAL_STORAGE
ADDED from ImageProcessingTools\tess-two-test\AndroidManifest.xml:7:5-81
	android:name
		ADDED from ImageProcessingTools\tess-two-test\AndroidManifest.xml:7:22-78
instrumentation
ADDED from ImageProcessingTools\tess-two-test\AndroidManifest.xml:9:5-11:73
	android:targetPackage
		ADDED from ImageProcessingTools\tess-two-test\AndroidManifest.xml:11:9-70
	android:name
		ADDED from ImageProcessingTools\tess-two-test\AndroidManifest.xml:10:9-62
application
ADDED from ImageProcessingTools\tess-two-test\AndroidManifest.xml:13:5-16:19
	android:label
		ADDED from ImageProcessingTools\tess-two-test\AndroidManifest.xml:14:9-41
uses-library#android.test.runner
ADDED from ImageProcessingTools\tess-two-test\AndroidManifest.xml:15:9-60
	android:name
		ADDED from ImageProcessingTools\tess-two-test\AndroidManifest.xml:15:23-57
uses-sdk
INJECTED from ImageProcessingTools\tess-two-test\AndroidManifest.xml reason: use-sdk injection requested
INJECTED from ImageProcessingTools\tess-two-test\AndroidManifest.xml
INJECTED from ImageProcessingTools\tess-two-test\AndroidManifest.xml
INJECTED from ImageProcessingTools\tess-two-test\AndroidManifest.xml
INJECTED from ImageProcessingTools\tess-two-test\AndroidManifest.xml
	android:targetSdkVersion
		INJECTED from ImageProcessingTools\tess-two-test\AndroidManifest.xml
		ADDED from ImageProcessingTools\tess-two-test\AndroidManifest.xml
		INJECTED from ImageProcessingTools\tess-two-test\AndroidManifest.xml
	android:minSdkVersion
		INJECTED from ImageProcessingTools\tess-two-test\AndroidManifest.xml
		ADDED from ImageProcessingTools\tess-two-test\AndroidManifest.xml
		INJECTED from ImageProcessingTools\tess-two-test\AndroidManifest.xml